<?xml version="1.0" encoding="UTF-8"?>
<!-- Generated by org.testng.reporters.JUnitReportReporter -->
<testsuite hostname="LAPTOP-Q8GFA9DS" failures="0" tests="1" name="sample.Demo" time="0.010" errors="0" timestamp="2023-04-12T12:02:39 IST" skipped="0">
  <testcase classname="sample.Demo" name="demo" time="0.010"/>
  <system-out/>
</testsuite> <!-- sample.Demo -->
